{
  "stats": {
    "suites": 1,
    "tests": 2,
    "passes": 2,
    "pending": 0,
    "failures": 0,
    "start": "2026-09-06T15:50:37.535Z",
    "end": "2026-09-06T15:51:10.461Z",
    "duration": 32926,
    "testsRegistered": 2,
    "passPercent": 100,
    "pendingPercent": 0,
    "other": 0,
    "hasOther": false,
    "skipped": 0,
    "hasSkipped": false
  },
  "results": [
    {
      "uuid": "3413eb9d-5469-4916-be14-c326515c504f",
      "title": "",
      "fullFile": "D:\\PRO\\process-selenium-test\\tests\\login\\login.test.js",
      "file": "\\tests\\login\\login.test.js",
      "beforeHooks": [],
      "afterHooks": [],
      "tests": [],
      "suites": [
        {
          "uuid": "55bf74a2-cf09-4b38-90e3-ab7dbaab14c8",
          "title": "Processor Portal - Login Test Cases",
          "fullFile": "D:\\PRO\\process-selenium-test\\tests\\login\\login.test.js",
          "file": "\\tests\\login\\login.test.js",
          "beforeHooks": [
            {
              "title": "\"before all\" hook in \"Processor Portal - Login Test Cases\"",
              "fullTitle": "Processor Portal - Login Test Cases \"before all\" hook in \"Processor Portal - Login Test Cases\"",
              "timedOut": false,
              "duration": 5449,
              "state": null,
              "speed": null,
              "pass": false,
              "fail": false,
              "pending": false,
              "context": null,
              "code": "driver = await getDriver();\n        loginPage = new LoginPage(driver);\n        console.log(\"Browser started.\");",
              "err": {},
              "uuid": "144d03ff-30ef-4d0f-8cc9-a8e059530a74",
              "parentUUID": "55bf74a2-cf09-4b38-90e3-ab7dbaab14c8",
              "isHook": true,
              "skipped": false
            }
          ],
          "afterHooks": [
            {
              "title": "\"after all\" hook in \"Processor Portal - Login Test Cases\"",
              "fullTitle": "Processor Portal - Login Test Cases \"after all\" hook in \"Processor Portal - Login Test Cases\"",
              "timedOut": false,
              "duration": 100,
              "state": null,
              "speed": null,
              "pass": false,
              "fail": false,
              "pending": false,
              "context": null,
              "code": "if (driver) {\n            await driver.quit();\n            console.log(\"Browser closed.\");\n        }",
              "err": {},
              "uuid": "c6b0fb1a-82c1-499d-89ca-e74f2a42e0b9",
              "parentUUID": "55bf74a2-cf09-4b38-90e3-ab7dbaab14c8",
              "isHook": true,
              "skipped": false
            }
          ],
          "tests": [
            {
              "title": "TC_LOGIN_001 - Verify login page is displayed",
              "fullTitle": "Processor Portal - Login Test Cases TC_LOGIN_001 - Verify login page is displayed",
              "timedOut": false,
              "duration": 14140,
              "state": "passed",
              "speed": "slow",
              "pass": true,
              "fail": false,
              "pending": false,
              "context": null,
              "code": "await loginPage.open();\n        await loginPage.verifyLoginPage();\n        const emailField =\n            await driver.findElement(loginPage.emailInput);\n        const passwordField =\n            await driver.findElement(loginPage.passwordInput);\n        expect(\n            await emailField.isDisplayed()\n        ).to.equal(true);\n        expect(\n            await passwordField.isDisplayed()\n        ).to.equal(true);\n        console.log(\"TC_LOGIN_001 PASSED\");",
              "err": {},
              "uuid": "81062468-600e-427c-bcf4-3e16835b8594",
              "parentUUID": "55bf74a2-cf09-4b38-90e3-ab7dbaab14c8",
              "isHook": false,
              "skipped": false
            },
            {
              "title": "TC_LOGIN_002 - Login with valid credentials",
              "fullTitle": "Processor Portal - Login Test Cases TC_LOGIN_002 - Login with valid credentials",
              "timedOut": false,
              "duration": 13224,
              "state": "passed",
              "speed": "slow",
              "pass": true,
              "fail": false,
              "pending": false,
              "context": null,
              "code": "// Make sure we are on login page\n        await loginPage.open();\n        await loginPage.login(\n            process.env.EMAIL,\n            process.env.PASSWORD\n        );\n        // Wait for successful login/navigation\n            await driver.wait(\n            until.urlContains(\"/p/new\"),\n            30000\n        );\n        \n        const currentUrl =\n            await driver.getCurrentUrl();\n        console.log(\n            \"URL after login:\",\n            currentUrl\n        );\n        expect(currentUrl).to.include(\"/p/new\");\n        console.log(\"TC_LOGIN_002 PASSED\");",
              "err": {},
              "uuid": "bfd34721-26bb-4a90-ab75-31939eaff149",
              "parentUUID": "55bf74a2-cf09-4b38-90e3-ab7dbaab14c8",
              "isHook": false,
              "skipped": false
            }
          ],
          "suites": [],
          "passes": [
            "81062468-600e-427c-bcf4-3e16835b8594",
            "bfd34721-26bb-4a90-ab75-31939eaff149"
          ],
          "failures": [],
          "pending": [],
          "skipped": [],
          "duration": 27364,
          "root": false,
          "rootEmpty": false,
          "_timeout": 180000
        }
      ],
      "passes": [],
      "failures": [],
      "pending": [],
      "skipped": [],
      "duration": 0,
      "root": true,
      "rootEmpty": true,
      "_timeout": 2000
    }
  ],
  "meta": {
    "mocha": {
      "version": "10.8.2"
    },
    "mochawesome": {
      "options": {
        "quiet": false,
        "reportFilename": "mochawesome",
        "saveHtml": true,
        "saveJson": true,
        "consoleReporter": "spec",
        "useInlineDiffs": false,
        "code": true
      },
      "version": "7.1.3"
    },
    "marge": {
      "options": null,
      "version": "6.3.2"
    }
  }
}